<?xml version="1.0" encoding="UTF-8"?>
<testsuite xmlns:xsi="http://www.w3.org/2001/XMLSchema-instance" xsi:noNamespaceSchemaLocation="https://maven.apache.org/surefire/maven-surefire-plugin/xsd/surefire-test-report.xsd" version="3.0.2" name="TestSuite" time="19.91" tests="11" errors="0" skipped="0" failures="0">
  <properties>
    <property name="java.specification.version" value="17"/>
    <property name="sun.cpu.isalist" value="amd64"/>
    <property name="sun.jnu.encoding" value="Cp1252"/>
    <property name="java.class.path" value="C:\Users\nreka\eclipse-workspace\Playwright_Framework\target\test-classes;C:\Users\nreka\eclipse-workspace\Playwright_Framework\target\classes;C:\Users\nreka\.m2\repository\com\microsoft\playwright\playwright\1.45.0\playwright-1.45.0.jar;C:\Users\nreka\.m2\repository\com\google\code\gson\gson\2.11.0\gson-2.11.0.jar;C:\Users\nreka\.m2\repository\com\google\errorprone\error_prone_annotations\2.27.0\error_prone_annotations-2.27.0.jar;C:\Users\nreka\.m2\repository\org\opentest4j\opentest4j\1.3.0\opentest4j-1.3.0.jar;C:\Users\nreka\.m2\repository\com\microsoft\playwright\driver\1.45.0\driver-1.45.0.jar;C:\Users\nreka\.m2\repository\com\microsoft\playwright\driver-bundle\1.45.0\driver-bundle-1.45.0.jar;C:\Users\nreka\.m2\repository\org\testng\testng\7.10.2\testng-7.10.2.jar;C:\Users\nreka\.m2\repository\org\slf4j\slf4j-api\1.7.36\slf4j-api-1.7.36.jar;C:\Users\nreka\.m2\repository\com\beust\jcommander\1.82\jcommander-1.82.jar;C:\Users\nreka\.m2\repository\org\webjars\jquery\3.7.1\jquery-3.7.1.jar;C:\Users\nreka\.m2\repository\com\aventstack\extentreports\5.1.2\extentreports-5.1.2.jar;C:\Users\nreka\.m2\repository\io\reactivex\rxjava3\rxjava\3.1.6\rxjava-3.1.6.jar;C:\Users\nreka\.m2\repository\org\reactivestreams\reactive-streams\1.0.4\reactive-streams-1.0.4.jar;C:\Users\nreka\.m2\repository\org\freemarker\freemarker\2.3.32\freemarker-2.3.32.jar;C:\Users\nreka\.m2\repository\io\qameta\allure\allure-testng\2.28.0\allure-testng-2.28.0.jar;C:\Users\nreka\.m2\repository\io\qameta\allure\allure-java-commons\2.28.0\allure-java-commons-2.28.0.jar;C:\Users\nreka\.m2\repository\io\qameta\allure\allure-model\2.28.0\allure-model-2.28.0.jar;C:\Users\nreka\.m2\repository\io\qameta\allure\allure-test-filter\2.28.0\allure-test-filter-2.28.0.jar;C:\Users\nreka\.m2\repository\org\projectlombok\lombok\1.18.34\lombok-1.18.34.jar;"/>
    <property name="java.vm.vendor" value="Oracle Corporation"/>
    <property name="sun.arch.data.model" value="64"/>
    <property name="user.variant" value=""/>
    <property name="java.vendor.url" value="https://java.oracle.com/"/>
    <property name="user.timezone" value="America/Chicago"/>
    <property name="os.name" value="Windows 11"/>
    <property name="java.vm.specification.version" value="17"/>
    <property name="sun.java.launcher" value="SUN_STANDARD"/>
    <property name="user.country" value="US"/>
    <property name="sun.boot.library.path" value="C:\Program Files\Java\jdk-17\bin"/>
    <property name="sun.java.command" value="C:\Users\nreka\AppData\Local\Temp\surefire17740556155922160084\surefirebooter-20240729182814779_3.jar C:\Users\nreka\AppData\Local\Temp\surefire17740556155922160084 2024-07-29T18-28-14_619-jvmRun1 surefire-20240729182814779_1tmp surefire_0-20240729182814779_2tmp"/>
    <property name="jdk.debug" value="release"/>
    <property name="surefire.test.class.path" value="C:\Users\nreka\eclipse-workspace\Playwright_Framework\target\test-classes;C:\Users\nreka\eclipse-workspace\Playwright_Framework\target\classes;C:\Users\nreka\.m2\repository\com\microsoft\playwright\playwright\1.45.0\playwright-1.45.0.jar;C:\Users\nreka\.m2\repository\com\google\code\gson\gson\2.11.0\gson-2.11.0.jar;C:\Users\nreka\.m2\repository\com\google\errorprone\error_prone_annotations\2.27.0\error_prone_annotations-2.27.0.jar;C:\Users\nreka\.m2\repository\org\opentest4j\opentest4j\1.3.0\opentest4j-1.3.0.jar;C:\Users\nreka\.m2\repository\com\microsoft\playwright\driver\1.45.0\driver-1.45.0.jar;C:\Users\nreka\.m2\repository\com\microsoft\playwright\driver-bundle\1.45.0\driver-bundle-1.45.0.jar;C:\Users\nreka\.m2\repository\org\testng\testng\7.10.2\testng-7.10.2.jar;C:\Users\nreka\.m2\repository\org\slf4j\slf4j-api\1.7.36\slf4j-api-1.7.36.jar;C:\Users\nreka\.m2\repository\com\beust\jcommander\1.82\jcommander-1.82.jar;C:\Users\nreka\.m2\repository\org\webjars\jquery\3.7.1\jquery-3.7.1.jar;C:\Users\nreka\.m2\repository\com\aventstack\extentreports\5.1.2\extentreports-5.1.2.jar;C:\Users\nreka\.m2\repository\io\reactivex\rxjava3\rxjava\3.1.6\rxjava-3.1.6.jar;C:\Users\nreka\.m2\repository\org\reactivestreams\reactive-streams\1.0.4\reactive-streams-1.0.4.jar;C:\Users\nreka\.m2\repository\org\freemarker\freemarker\2.3.32\freemarker-2.3.32.jar;C:\Users\nreka\.m2\repository\io\qameta\allure\allure-testng\2.28.0\allure-testng-2.28.0.jar;C:\Users\nreka\.m2\repository\io\qameta\allure\allure-java-commons\2.28.0\allure-java-commons-2.28.0.jar;C:\Users\nreka\.m2\repository\io\qameta\allure\allure-model\2.28.0\allure-model-2.28.0.jar;C:\Users\nreka\.m2\repository\io\qameta\allure\allure-test-filter\2.28.0\allure-test-filter-2.28.0.jar;C:\Users\nreka\.m2\repository\org\projectlombok\lombok\1.18.34\lombok-1.18.34.jar;"/>
    <property name="sun.cpu.endian" value="little"/>
    <property name="user.home" value="C:\Users\nreka"/>
    <property name="user.language" value="en"/>
    <property name="java.specification.vendor" value="Oracle Corporation"/>
    <property name="java.version.date" value="2024-04-16"/>
    <property name="java.home" value="C:\Program Files\Java\jdk-17"/>
    <property name="file.separator" value="\"/>
    <property name="basedir" value="C:\Users\nreka\eclipse-workspace\Playwright_Framework"/>
    <property name="java.vm.compressedOopsMode" value="Zero based"/>
    <property name="line.separator" value="&#10;"/>
    <property name="java.vm.specification.vendor" value="Oracle Corporation"/>
    <property name="java.specification.name" value="Java Platform API Specification"/>
    <property name="surefire.real.class.path" value="C:\Users\nreka\AppData\Local\Temp\surefire17740556155922160084\surefirebooter-20240729182814779_3.jar"/>
    <property name="user.script" value=""/>
    <property name="sun.management.compiler" value="HotSpot 64-Bit Tiered Compilers"/>
    <property name="java.runtime.version" value="17.0.11+7-LTS-207"/>
    <property name="user.name" value="Reka"/>
    <property name="path.separator" value=";"/>
    <property name="os.version" value="10.0"/>
    <property name="java.runtime.name" value="Java(TM) SE Runtime Environment"/>
    <property name="file.encoding" value="Cp1252"/>
    <property name="java.vm.name" value="Java HotSpot(TM) 64-Bit Server VM"/>
    <property name="localRepository" value="C:\Users\nreka\.m2\repository"/>
    <property name="java.vendor.url.bug" value="https://bugreport.java.com/bugreport/"/>
    <property name="java.io.tmpdir" value="C:\Users\nreka\AppData\Local\Temp\"/>
    <property name="java.version" value="17.0.11"/>
    <property name="user.dir" value="C:\Users\nreka\eclipse-workspace\Playwright_Framework"/>
    <property name="os.arch" value="amd64"/>
    <property name="java.vm.specification.name" value="Java Virtual Machine Specification"/>
    <property name="sun.os.patch.level" value=""/>
    <property name="native.encoding" value="Cp1252"/>
    <property name="java.library.path" value="C:\Program Files\Java\jdk-17\bin;C:\Windows\Sun\Java\bin;C:\Windows\system32;C:\Windows;C:\Python312\Scripts\;C:\Python312\;C:\Program Files\Common Files\Oracle\Java\javapath;C:\Program Files (x86)\Common Files\Oracle\Java\java8path;C:\Program Files (x86)\Common Files\Oracle\Java\javapath;C:\Windows\system32;C:\Windows;C:\Windows\System32\Wbem;C:\Windows\System32\WindowsPowerShell\v1.0\;C:\Windows\System32\OpenSSH\;%MAVEN_HOME%\bin;%JAVA_HOME%\bin;C:\Program Files\Git\cmd;C:\Program Files\Git\bin;C:\Program Files\Docker\Docker\resources\bin;C:\Users\nreka\Tools\apache-maven-3.9.8\bin;C:\Users\nreka\AppData\Roaming\nvm;C:\Program Files\nodejs;C:\ProgramData\chocolatey\bin;%JAVA_HOME%\lib\security;C:\Users\nreka\AppData\Roaming\Python\Python312\Scripts;C:\Users\nreka\Tools\allure-2.30.0\bin;C:\Users\nreka\Tools\allure2-2.30.0\allure-commandline;C:\Users\nreka\AppData\Local\Microsoft\WindowsApps;C:\Program Files\JetBrains\PyCharm 2024.1.3\bin;;C:\Program Files\JetBrains\PyCharm Community Edition 2024.1.3\bin;;C:\Users\nreka\AppData\Roaming\nvm;C:\Program Files\nodejs;C:\Users\nreka\AppData\Roaming\npm;C:\Users\nreka\AppData\Local\Programs\Microsoft VS Code\bin;."/>
    <property name="java.vm.info" value="mixed mode, sharing"/>
    <property name="java.vendor" value="Oracle Corporation"/>
    <property name="java.vm.version" value="17.0.11+7-LTS-207"/>
    <property name="sun.io.unicode.encoding" value="UnicodeLittle"/>
    <property name="java.class.version" value="61.0"/>
  </properties>
  <testcase name="homePageTitleTest" classname="qa.opencart.tests.HomePageTest" time="0.567">
    <system-out><![CDATA[...
... TestNG 7.10.2 by CÃ©dric Beust (cedric@beust.com)
...

Test Suite started!
Test Suite started!
Test Suite started!
Browser Name :chrome
Browser Name :edge
Browser Name :chromium
loginPageNavigationTest started!
homePageTitleTest started!
loginPageNavigationTest started!
Page title :Your Store
homePageTitleTest passed!
]]></system-out>
    <system-err><![CDATA[SLF4J: Failed to load class "org.slf4j.impl.StaticLoggerBinder".
SLF4J: Defaulting to no-operation (NOP) logger implementation
SLF4J: See http://www.slf4j.org/codes.html#StaticLoggerBinder for further details.
]]></system-err>
  </testcase>
  <testcase name="homePageUrlTest" classname="qa.opencart.tests.HomePageTest" time="0.336">
    <system-out><![CDATA[homePageUrlTest started!
URL :https://naveenautomationlabs.com/opencart/
homePageUrlTest passed!
Actual Title : Account Login
Actual Title : Account Login
loginPageNavigationTest passed!
]]></system-out>
  </testcase>
  <testcase name="searchTest[Macbook](1)" classname="qa.opencart.tests.HomePageTest" time="0.5">
    <system-out><![CDATA[appLoginTest started!
Application credentials: rekaharisri@gmail.com : admin@123
Search Header is :Search - Macbook
searchTest passed!
]]></system-out>
  </testcase>
  <testcase name="searchTest[Samsung](2)" classname="qa.opencart.tests.HomePageTest" time="0.819">
    <system-out><![CDATA[searchTest started!
Search Header is :Search - Samsung
searchTest passed!
]]></system-out>
  </testcase>
  <testcase name="searchTest[iPhone](3)" classname="qa.opencart.tests.HomePageTest" time="0.866">
    <system-out><![CDATA[searchTest started!
Search Header is :Search - iPhone
searchTest passed!
 User is logged in successful..... 
 User is logged in successful..... 
]]></system-out>
  </testcase>
  <testcase name="loginPageNavigationTest" classname="qa.opencart.tests.LoginPageTest" time="0.22"/>
  <testcase name="loginPageNavigationTest" classname="qa.opencart.tests.LoginPageTest" time="0.294">
    <system-out><![CDATA[forgotPasswordLinkExistTest started!
loginPageNavigationTest passed!
]]></system-out>
  </testcase>
  <testcase name="forgotPasswordLinkExistTest" classname="qa.opencart.tests.LoginPageTest" time="0.32">
    <system-out><![CDATA[forgotPasswordLinkExistTest started!
forgotPasswordLinkExistTest passed!
searchTest started!
forgotPasswordLinkExistTest passed!
]]></system-out>
  </testcase>
  <testcase name="forgotPasswordLinkExistTest" classname="qa.opencart.tests.LoginPageTest" time="0.262">
    <system-out><![CDATA[appLoginTest started!
Application credentials: rekaharisri@gmail.com : admin@123
]]></system-out>
  </testcase>
  <testcase name="appLoginTest" classname="qa.opencart.tests.LoginPageTest" time="1.16">
    <system-out><![CDATA[appLoginTest passed!
appLoginTest passed!
]]></system-out>
  </testcase>
  <testcase name="appLoginTest" classname="qa.opencart.tests.LoginPageTest" time="1.414">
    <system-out><![CDATA[Test Suite is ending!
]]></system-out>
  </testcase>
</testsuite>