<?xml version="1.0" encoding="UTF-8"?>
<!-- Generated by org.testng.reporters.JUnitReportReporter -->
<testsuite hostname="Reka" failures="0" tests="5" name="qa.opencart.tests.HomePageTest" time="1.907" errors="0" timestamp="2024-07-28T15:22:47 CDT" skipped="0">
  <testcase classname="qa.opencart.tests.HomePageTest" name="homePageTitleTest" time="0.143"/>
  <testcase classname="qa.opencart.tests.HomePageTest" name="homePageUrlTest" time="0.008"/>
  <testcase classname="qa.opencart.tests.HomePageTest" name="searchTest" time="0.524"/>
  <testcase classname="qa.opencart.tests.HomePageTest" name="searchTest" time="0.581"/>
  <testcase classname="qa.opencart.tests.HomePageTest" name="searchTest" time="0.651"/>
</testsuite> <!-- qa.opencart.tests.HomePageTest -->
