<?xml version="1.0" encoding="UTF-8"?>
<!-- Generated by org.testng.reporters.JUnitReportReporter -->
<testsuite hostname="Reka" failures="0" tests="3" name="qa.opencart.tests.LoginPageTest" time="1.726" errors="0" timestamp="2024-07-28T15:22:47 CDT" skipped="0">
  <testcase classname="qa.opencart.tests.LoginPageTest" name="loginPageNavigationTest" time="0.822"/>
  <testcase classname="qa.opencart.tests.LoginPageTest" name="forgotPasswordLinkExistTest" time="0.015"/>
  <testcase classname="qa.opencart.tests.LoginPageTest" name="appLoginTest" time="0.889"/>
</testsuite> <!-- qa.opencart.tests.LoginPageTest -->
