<?xml version="1.0" encoding="UTF-8"?>
<!-- Generated by org.testng.reporters.JUnitReportReporter -->
<testsuite hostname="Reka" failures="0" tests="6" name="qa.opencart.tests.LoginPageTest" time="5.605" errors="0" timestamp="2024-07-29T18:28:34 CDT" skipped="0">
  <testcase classname="qa.opencart.tests.LoginPageTest" name="loginPageNavigationTest" time="0.623"/>
  <testcase classname="qa.opencart.tests.LoginPageTest" name="loginPageNavigationTest" time="0.666"/>
  <testcase classname="qa.opencart.tests.LoginPageTest" name="forgotPasswordLinkExistTest" time="0.017"/>
  <testcase classname="qa.opencart.tests.LoginPageTest" name="forgotPasswordLinkExistTest" time="0.022"/>
  <testcase classname="qa.opencart.tests.LoginPageTest" name="appLoginTest" time="2.047"/>
  <testcase classname="qa.opencart.tests.LoginPageTest" name="appLoginTest" time="2.230"/>
</testsuite> <!-- qa.opencart.tests.LoginPageTest -->
