<?xml version="1.0" encoding="UTF-8"?>
<!-- Generated by org.testng.reporters.JUnitReportReporter -->
<testsuite hostname="Reka" failures="0" tests="5" name="qa.opencart.tests.HomePageTest" time="2.245" errors="0" timestamp="2024-07-29T21:09:57 CDT" skipped="0">
  <testcase classname="qa.opencart.tests.HomePageTest" name="searchTest" time="0.708"/>
  <testcase classname="qa.opencart.tests.HomePageTest" name="searchTest" time="0.751"/>
  <testcase classname="qa.opencart.tests.HomePageTest" name="homePageUrlTest" time="0.004"/>
  <testcase classname="qa.opencart.tests.HomePageTest" name="homePageTitleTest" time="0.158"/>
  <testcase classname="qa.opencart.tests.HomePageTest" name="searchTest" time="0.624"/>
</testsuite> <!-- qa.opencart.tests.HomePageTest -->
