<?xml version="1.0" encoding="UTF-8"?>
<!-- Generated by org.testng.reporters.JUnitReportReporter -->
<testsuite hostname="Reka" failures="0" tests="5" name="qa.opencart.tests.HomePageTest" time="2.759" errors="0" timestamp="2024-07-29T18:28:34 CDT" skipped="0">
  <testcase classname="qa.opencart.tests.HomePageTest" name="homePageUrlTest" time="0.008"/>
  <testcase classname="qa.opencart.tests.HomePageTest" name="searchTest" time="0.601"/>
  <testcase classname="qa.opencart.tests.HomePageTest" name="searchTest" time="0.612"/>
  <testcase classname="qa.opencart.tests.HomePageTest" name="homePageTitleTest" time="0.128"/>
  <testcase classname="qa.opencart.tests.HomePageTest" name="searchTest" time="1.410"/>
</testsuite> <!-- qa.opencart.tests.HomePageTest -->
