<?xml version="1.0" encoding="UTF-8"?>
<!-- Generated by org.testng.reporters.JUnitReportReporter -->
<testsuite hostname="Reka" failures="0" tests="6" name="qa.opencart.tests.LoginPageTest" time="5.577" errors="0" timestamp="2024-07-29T14:41:15 CDT" skipped="0">
  <testcase classname="qa.opencart.tests.LoginPageTest" name="loginPageNavigationTest" time="0.966"/>
  <testcase classname="qa.opencart.tests.LoginPageTest" name="loginPageNavigationTest" time="0.771"/>
  <testcase classname="qa.opencart.tests.LoginPageTest" name="forgotPasswordLinkExistTest" time="0.011"/>
  <testcase classname="qa.opencart.tests.LoginPageTest" name="forgotPasswordLinkExistTest" time="0.016"/>
  <testcase classname="qa.opencart.tests.LoginPageTest" name="appLoginTest" time="1.791"/>
  <testcase classname="qa.opencart.tests.LoginPageTest" name="appLoginTest" time="2.022"/>
</testsuite> <!-- qa.opencart.tests.LoginPageTest -->
