<?xml version="1.0" encoding="UTF-8"?>
<!-- Generated by org.testng.reporters.JUnitReportReporter -->
<testsuite hostname="Reka" failures="0" tests="6" name="qa.opencart.tests.LoginPageTest" time="7.306" errors="0" timestamp="2024-07-29T21:09:57 CDT" skipped="0">
  <testcase classname="qa.opencart.tests.LoginPageTest" name="loginPageNavigationTest" time="0.996"/>
  <testcase classname="qa.opencart.tests.LoginPageTest" name="loginPageNavigationTest" time="1.197"/>
  <testcase classname="qa.opencart.tests.LoginPageTest" name="forgotPasswordLinkExistTest" time="0.351"/>
  <testcase classname="qa.opencart.tests.LoginPageTest" name="forgotPasswordLinkExistTest" time="0.086"/>
  <testcase classname="qa.opencart.tests.LoginPageTest" name="appLoginTest" time="2.721"/>
  <testcase classname="qa.opencart.tests.LoginPageTest" name="appLoginTest" time="1.955"/>
</testsuite> <!-- qa.opencart.tests.LoginPageTest -->
