<?xml version="1.0" encoding="UTF-8"?>
<!-- Generated by org.testng.reporters.JUnitReportReporter -->
<testsuite hostname="Reka" failures="0" tests="10" name="qa.opencart.tests.HomePageTest" time="4.518" errors="0" timestamp="2024-07-29T14:41:15 CDT" skipped="0">
  <testcase classname="qa.opencart.tests.HomePageTest" name="searchTest" time="0.683"/>
  <testcase classname="qa.opencart.tests.HomePageTest" name="searchTest" time="0.482"/>
  <testcase classname="qa.opencart.tests.HomePageTest" name="homePageTitleTest" time="0.135"/>
  <testcase classname="qa.opencart.tests.HomePageTest" name="searchTest" time="0.640"/>
  <testcase classname="qa.opencart.tests.HomePageTest" name="searchTest" time="0.615"/>
  <testcase classname="qa.opencart.tests.HomePageTest" name="homePageTitleTest" time="0.016"/>
  <testcase classname="qa.opencart.tests.HomePageTest" name="homePageUrlTest" time="0.004"/>
  <testcase classname="qa.opencart.tests.HomePageTest" name="searchTest" time="1.155"/>
  <testcase classname="qa.opencart.tests.HomePageTest" name="searchTest" time="0.784"/>
  <testcase classname="qa.opencart.tests.HomePageTest" name="homePageUrlTest" time="0.004"/>
</testsuite> <!-- qa.opencart.tests.HomePageTest -->
